app/build/outputs/logs/manifest-merger-debug-report.txt
-- Merging decision tree log ---
manifest
ADDED from src/main/AndroidManifest.xml:2:1-106:12
	package
		ADDED from src/main/AndroidManifest.xml:3:5-41
		INJECTED from src/main/AndroidManifest.xml
		INJECTED from src/main/AndroidManifest.xml
	android:versionName
		ADDED from src/main/AndroidManifest.xml:5:5-33
		INJECTED from src/main/AndroidManifest.xml
		INJECTED from src/main/AndroidManifest.xml
	android:versionCode
		ADDED from src/main/AndroidManifest.xml:4:5-29
		INJECTED from src/main/AndroidManifest.xml
		INJECTED from src/main/AndroidManifest.xml
	xmlns:android
		ADDED from src/main/AndroidManifest.xml:2:11-69
	android:installLocation
		ADDED from src/main/AndroidManifest.xml:6:5-35
uses-sdk
ADDED from src/main/AndroidManifest.xml:9:5-11:41
MERGED from [com.android.support:support-v4:23.4.0] AndroidManifest.xml:20:5-43
	android:targetSdkVersion
		ADDED from src/main/AndroidManifest.xml:11:9-38
		INJECTED from src/main/AndroidManifest.xml
		INJECTED from src/main/AndroidManifest.xml
	android:minSdkVersion
		ADDED from src/main/AndroidManifest.xml:10:9-35
		INJECTED from src/main/AndroidManifest.xml
		INJECTED from src/main/AndroidManifest.xml
supports-screens
ADDED from src/main/AndroidManifest.xml:13:5-164
	android:largeScreens
		ADDED from src/main/AndroidManifest.xml:13:52-79
	android:smallScreens
		ADDED from src/main/AndroidManifest.xml:13:109-136
	android:normalScreens
		ADDED from src/main/AndroidManifest.xml:13:80-108
	android:xlargeScreens
		ADDED from src/main/AndroidManifest.xml:13:23-51
	android:anyDensity
		ADDED from src/main/AndroidManifest.xml:13:137-162
uses-permission#android.permission.WRITE_EXTERNAL_STORAGE
ADDED from src/main/AndroidManifest.xml:15:5-80
	android:name
		ADDED from src/main/AndroidManifest.xml:15:22-78
uses-permission#android.permission.CAMERA
ADDED from src/main/AndroidManifest.xml:16:5-65
	android:name
		ADDED from src/main/AndroidManifest.xml:16:22-62
uses-permission#android.permission.RECORD_AUDIO
ADDED from src/main/AndroidManifest.xml:17:5-71
	android:name
		ADDED from src/main/AndroidManifest.xml:17:22-68
uses-permission#android.permission.ACCESS_FINE_LOCATION
ADDED from src/main/AndroidManifest.xml:18:5-79
	android:name
		ADDED from src/main/AndroidManifest.xml:18:22-76
uses-feature#android.hardware.camera
ADDED from src/main/AndroidManifest.xml:20:5-60
	android:name
		ADDED from src/main/AndroidManifest.xml:20:19-57
uses-feature#android.hardware.microphone
ADDED from src/main/AndroidManifest.xml:21:5-64
	android:name
		ADDED from src/main/AndroidManifest.xml:21:19-61
application
ADDED from src/main/AndroidManifest.xml:23:5-105:19
MERGED from [com.android.support:support-v4:23.4.0] AndroidManifest.xml:22:5-20
	android:label
		ADDED from src/main/AndroidManifest.xml:26:9-41
	android:allowBackup
		ADDED from src/main/AndroidManifest.xml:24:9-35
	android:icon
		ADDED from src/main/AndroidManifest.xml:25:9-45
	android:largeHeap
		ADDED from src/main/AndroidManifest.xml:28:9-33
	android:theme
		ADDED from src/main/AndroidManifest.xml:27:9-40
activity#net.sourceforge.opencamera.MainActivity
ADDED from src/main/AndroidManifest.xml:31:9-66:20
	android:screenOrientation
		ADDED from src/main/AndroidManifest.xml:34:13-50
	android:label
		ADDED from src/main/AndroidManifest.xml:33:13-45
	android:configChanges
		ADDED from src/main/AndroidManifest.xml:35:4-65
	android:name
		ADDED from src/main/AndroidManifest.xml:32:13-67
intent-filter#android.intent.action.MAIN+android.intent.category.DEFAULT+android.intent.category.LAUNCHER
ADDED from src/main/AndroidManifest.xml:37:13-41:29
action#android.intent.action.MAIN
ADDED from src/main/AndroidManifest.xml:38:17-69
	android:name
		ADDED from src/main/AndroidManifest.xml:38:25-66
category#android.intent.category.LAUNCHER
ADDED from src/main/AndroidManifest.xml:39:17-77
	android:name
		ADDED from src/main/AndroidManifest.xml:39:27-74
category#android.intent.category.DEFAULT
ADDED from src/main/AndroidManifest.xml:40:17-75
	android:name
		ADDED from src/main/AndroidManifest.xml:40:27-73
intent-filter#android.intent.category.DEFAULT+android.media.action.IMAGE_CAPTURE
ADDED from src/main/AndroidManifest.xml:42:13-45:29
action#android.media.action.IMAGE_CAPTURE
ADDED from src/main/AndroidManifest.xml:43:17-77
	android:name
		ADDED from src/main/AndroidManifest.xml:43:25-74
intent-filter#android.intent.category.DEFAULT+android.media.action.IMAGE_CAPTURE_SECURE
ADDED from src/main/AndroidManifest.xml:46:13-49:29
action#android.media.action.IMAGE_CAPTURE_SECURE
ADDED from src/main/AndroidManifest.xml:47:17-84
	android:name
		ADDED from src/main/AndroidManifest.xml:47:25-81
intent-filter#android.intent.category.DEFAULT+android.media.action.STILL_IMAGE_CAMERA
ADDED from src/main/AndroidManifest.xml:50:13-53:29
action#android.media.action.STILL_IMAGE_CAMERA
ADDED from src/main/AndroidManifest.xml:51:17-82
	android:name
		ADDED from src/main/AndroidManifest.xml:51:25-79
intent-filter#android.intent.category.DEFAULT+android.media.action.STILL_IMAGE_CAMERA_SECURE
ADDED from src/main/AndroidManifest.xml:54:13-57:29
action#android.media.action.STILL_IMAGE_CAMERA_SECURE
ADDED from src/main/AndroidManifest.xml:55:17-89
	android:name
		ADDED from src/main/AndroidManifest.xml:55:25-86
intent-filter#android.intent.category.DEFAULT+android.media.action.VIDEO_CAMERA
ADDED from src/main/AndroidManifest.xml:58:13-61:29
action#android.media.action.VIDEO_CAMERA
ADDED from src/main/AndroidManifest.xml:59:17-76
	android:name
		ADDED from src/main/AndroidManifest.xml:59:25-73
intent-filter#android.intent.category.DEFAULT+android.media.action.VIDEO_CAPTURE
ADDED from src/main/AndroidManifest.xml:62:4-65:20
action#android.media.action.VIDEO_CAPTURE
ADDED from src/main/AndroidManifest.xml:63:5-64
	android:name
		ADDED from src/main/AndroidManifest.xml:63:13-62
activity#net.sourceforge.opencamera.TakePhoto
ADDED from src/main/AndroidManifest.xml:68:9-77:20
	android:screenOrientation
		ADDED from src/main/AndroidManifest.xml:72:13-50
	android:label
		ADDED from src/main/AndroidManifest.xml:70:13-47
	android:excludeFromRecents
		ADDED from src/main/AndroidManifest.xml:75:4-37
	android:configChanges
		ADDED from src/main/AndroidManifest.xml:73:4-65
	android:icon
		ADDED from src/main/AndroidManifest.xml:71:10-57
	android:taskAffinity
		ADDED from src/main/AndroidManifest.xml:74:4-27
	android:name
		ADDED from src/main/AndroidManifest.xml:69:13-37
receiver#net.sourceforge.opencamera.MyWidgetProvider
ADDED from src/main/AndroidManifest.xml:79:9-92:14
	android:label
		ADDED from src/main/AndroidManifest.xml:81:7-39
	android:icon
		ADDED from src/main/AndroidManifest.xml:80:7-43
	android:name
		ADDED from src/main/AndroidManifest.xml:82:7-38
intent-filter#android.appwidget.action.APPWIDGET_UPDATE
ADDED from src/main/AndroidManifest.xml:83:7-85:23
action#android.appwidget.action.APPWIDGET_UPDATE
ADDED from src/main/AndroidManifest.xml:84:12-79
	android:name
		ADDED from src/main/AndroidManifest.xml:84:20-76
meta-data#android.appwidget.provider
ADDED from src/main/AndroidManifest.xml:89:7-91:48
	android:resource
		ADDED from src/main/AndroidManifest.xml:91:10-45
	android:name
		ADDED from src/main/AndroidManifest.xml:90:10-51
receiver#net.sourceforge.opencamera.MyWidgetProviderTakePhoto
ADDED from src/main/AndroidManifest.xml:94:9-104:14
	android:label
		ADDED from src/main/AndroidManifest.xml:96:13-47
	android:icon
		ADDED from src/main/AndroidManifest.xml:95:7-54
	android:name
		ADDED from src/main/AndroidManifest.xml:97:7-47